\BOOKMARK [1][-]{section.1}{\376\377\000P\000r\000o\000b\000a\000b\000i\000l\000i\000d\000a\000d}{}% 1
\BOOKMARK [2][-]{subsection.1.1}{\376\377\000E\000s\000p\000a\000c\000i\000o\000\040\000d\000e\000\040\000p\000r\000o\000b\000a\000b\000i\000l\000i\000d\000a\000d}{section.1}% 2
\BOOKMARK [3][-]{subsubsection.1.1.1}{\376\377\000A\000x\000i\000o\000m\000a\000s\000\040\000d\000e\000\040\000p\000r\000o\000b\000a\000b\000i\000l\000i\000d\000a\000d}{subsection.1.1}% 3
\BOOKMARK [3][-]{subsubsection.1.1.2}{\376\377\000P\000r\000o\000b\000a\000b\000i\000l\000i\000d\000a\000d\000\040\000c\000o\000n\000d\000i\000c\000i\000o\000n\000a\000l}{subsection.1.1}% 4
\BOOKMARK [2][-]{subsection.1.2}{\376\377\000V\000a\000r\000i\000a\000b\000l\000e\000s\000\040\000a\000l\000e\000a\000t\000o\000r\000i\000a\000s}{section.1}% 5
\BOOKMARK [3][-]{subsubsection.1.2.1}{\376\377\000D\000i\000s\000t\000r\000i\000b\000u\000c\000i\000\363\000n\000\040\000c\000o\000n\000j\000u\000n\000t\000a}{subsection.1.2}% 6
\BOOKMARK [3][-]{subsubsection.1.2.2}{\376\377\000D\000i\000s\000t\000r\000i\000b\000u\000c\000i\000\363\000n\000\040\000c\000o\000n\000d\000i\000c\000i\000o\000n\000a\000l}{subsection.1.2}% 7
\BOOKMARK [3][-]{subsubsection.1.2.3}{\376\377\000C\000o\000n\000v\000o\000l\000u\000c\000i\000o\000n\000\040\000d\000e\000\040\000d\000i\000s\000t\000r\000i\000b\000u\000c\000i\000o\000n\000e\000s\000\040}{subsection.1.2}% 8
\BOOKMARK [3][-]{subsubsection.1.2.4}{\376\377\000V\000a\000l\000o\000r\000\040\000e\000s\000p\000e\000r\000a\000d\000o}{subsection.1.2}% 9
\BOOKMARK [3][-]{subsubsection.1.2.5}{\376\377\000V\000a\000r\000i\000a\000n\000z\000a}{subsection.1.2}% 10
\BOOKMARK [3][-]{subsubsection.1.2.6}{\376\377\000D\000e\000s\000i\000g\000u\000a\000l\000d\000a\000d\000\040\000d\000e\000\040\000C\000h\000e\000b\000y\000s\000h\000e\000v}{subsection.1.2}% 11
\BOOKMARK [3][-]{subsubsection.1.2.7}{\376\377\000L\000e\000y\000e\000s\000\040\000d\000e\000\040\000l\000o\000s\000\040\000g\000r\000a\000n\000d\000e\000s\000\040\000n\000\372\000m\000e\000r\000o\000s}{subsection.1.2}% 12
\BOOKMARK [2][-]{subsection.1.3}{\376\377\000D\000i\000s\000t\000r\000i\000b\000u\000c\000i\000o\000n\000e\000s\000\040\000d\000e\000\040\000p\000r\000o\000b\000a\000b\000i\000l\000i\000d\000a\000d}{section.1}% 13
\BOOKMARK [3][-]{subsubsection.1.3.1}{\376\377\000V\000a\000r\000i\000a\000b\000l\000e\000s\000\040\000a\000l\000e\000a\000t\000o\000r\000i\000a\000s\000\040\000d\000i\000s\000c\000r\000e\000t\000a\000s}{subsection.1.3}% 14
\BOOKMARK [3][-]{subsubsection.1.3.2}{\376\377\000V\000a\000r\000i\000a\000b\000l\000e\000s\000\040\000a\000l\000e\000a\000t\000o\000r\000i\000a\000s\000\040\000c\000o\000n\000t\000i\000n\000u\000a\000s}{subsection.1.3}% 15
\BOOKMARK [1][-]{section.2}{\376\377\000P\000r\000o\000c\000e\000s\000o\000s\000\040\000d\000e\000\040\000P\000o\000i\000s\000s\000o\000n}{}% 16
\BOOKMARK [2][-]{subsection.2.1}{\376\377\000E\000l\000\040\000p\000r\000o\000c\000e\000s\000o\000\040\000d\000e\000\040\000p\000o\000i\000s\000s\000o\000n\000\040\000h\000o\000m\000o\000g\000\351\000n\000e\000o}{section.2}% 17
\BOOKMARK [3][-]{subsubsection.2.1.1}{\376\377\000D\000i\000s\000t\000r\000i\000b\000u\000c\000i\000\363\000n\000\040\000d\000e\000l\000\040\000n\000\372\000m\000e\000r\000o\000\040\000d\000e\000\040\000l\000l\000e\000g\000a\000d\000a\000s\000\040\000N\000\050\000t\000\051}{subsection.2.1}% 18
\BOOKMARK [3][-]{subsubsection.2.1.2}{\376\377\000D\000i\000s\000t\000r\000i\000b\000u\000c\000i\000\363\000n\000\040\000d\000e\000l\000\040\000t\000i\000e\000m\000p\000o\000\040\000e\000n\000t\000r\000e\000\040\000a\000r\000r\000i\000b\000o\000s}{subsection.2.1}% 19
\BOOKMARK [3][-]{subsubsection.2.1.3}{\376\377\000D\000i\000s\000t\000r\000i\000b\000u\000c\000i\000\363\000n\000\040\000d\000e\000l\000\040\000t\000i\000e\000m\000p\000o\000\040\000d\000e\000\040\000a\000r\000r\000i\000b\000o}{subsection.2.1}% 20
\BOOKMARK [3][-]{subsubsection.2.1.4}{\376\377\000S\000u\000p\000e\000r\000p\000o\000s\000i\000c\000i\000\363\000n\000\040\000d\000e\000\040\000p\000r\000o\000c\000e\000s\000o\000s\000\040\000d\000e\000\040\000P\000o\000i\000s\000s\000o\000n\000\040\000h\000o\000m\000o\000g\000\351\000n\000e\000o\000s}{subsection.2.1}% 21
\BOOKMARK [3][-]{subsubsection.2.1.5}{\376\377\000R\000e\000f\000i\000n\000a\000m\000i\000e\000n\000t\000o\000\040\000d\000e\000\040\000p\000r\000o\000c\000e\000s\000o\000s\000\040\000d\000e\000\040\000P\000o\000i\000s\000s\000o\000n\000\040\000h\000o\000m\000o\000g\000\351\000n\000e\000o\000s}{subsection.2.1}% 22
\BOOKMARK [2][-]{subsection.2.2}{\376\377\000E\000l\000\040\000p\000r\000o\000c\000e\000s\000o\000\040\000d\000e\000\040\000p\000o\000i\000s\000s\000o\000n\000\040\000n\000o\000\040\000h\000o\000m\000o\000g\000\351\000n\000e\000o}{section.2}% 23
\BOOKMARK [1][-]{section.3}{\376\377\000G\000e\000n\000e\000r\000a\000c\000i\000\363\000n\000\040\000d\000e\000\040\000N\000\372\000m\000e\000r\000o\000s\000\040\000A\000l\000e\000a\000t\000o\000r\000i\000o\000s}{}% 24
\BOOKMARK [2][-]{subsection.3.1}{\376\377\000G\000e\000n\000e\000r\000a\000d\000o\000r\000e\000s\000\040\000c\000o\000n\000g\000r\000u\000e\000n\000c\000i\000a\000l\000e\000s}{section.3}% 25
\BOOKMARK [3][-]{subsubsection.3.1.1}{\376\377\000G\000e\000n\000e\000r\000a\000d\000o\000r\000e\000s\000\040\000c\000o\000n\000g\000r\000u\000e\000n\000c\000i\000a\000l\000e\000s\000\040\000l\000i\000n\000e\000a\000l\000e\000s}{subsection.3.1}% 26
\BOOKMARK [3][-]{subsubsection.3.1.2}{\376\377\000G\000e\000n\000e\000r\000a\000d\000o\000r\000e\000s\000\040\000m\000i\000x\000t\000o\000s}{subsection.3.1}% 27
\BOOKMARK [3][-]{subsubsection.3.1.3}{\376\377\000G\000e\000n\000e\000r\000a\000d\000o\000r\000e\000s\000\040\000m\000u\000l\000t\000i\000p\000l\000i\000c\000a\000t\000i\000v\000o\000s}{subsection.3.1}% 28
\BOOKMARK [3][-]{subsubsection.3.1.4}{\376\377\000E\000l\000\040\000p\000r\000o\000b\000l\000e\000m\000a\000\040\000d\000e\000\040\000l\000o\000s\000\040\000h\000i\000p\000e\000r\000p\000l\000a\000n\000o\000s}{subsection.3.1}% 29
\BOOKMARK [3][-]{subsubsection.3.1.5}{\376\377\000G\000e\000n\000e\000r\000a\000d\000o\000r\000e\000s\000\040\000c\000o\000n\000g\000r\000u\000e\000n\000c\000i\000a\000l\000e\000s\000\040\000l\000i\000n\000e\000a\000l\000e\000s\000\040\000c\000o\000m\000b\000i\000n\000a\000d\000o\000s}{subsection.3.1}% 30
\BOOKMARK [1][-]{section.4}{\376\377\000M\000\351\000t\000o\000d\000o\000\040\000d\000e\000\040\000M\000o\000n\000t\000e\000\040\000C\000a\000r\000l\000o}{}% 31
\BOOKMARK [2][-]{subsection.4.1}{\376\377\000F\000u\000n\000d\000a\000m\000e\000n\000t\000o\000s\000\040\000d\000e\000l\000\040\000M\000\351\000t\000o\000d\000o\000\040\000d\000e\000\040\000M\000o\000n\000t\000e\000\040\000C\000a\000r\000l\000o}{section.4}% 32
\BOOKMARK [2][-]{subsection.4.2}{\376\377\000E\000s\000t\000i\000m\000a\000c\000i\000\363\000n\000\040\000d\000e\000\040\000i\000n\000t\000e\000g\000r\000a\000l\000e\000s\000\040\000d\000e\000f\000i\000n\000i\000d\000a\000s}{section.4}% 33
\BOOKMARK [3][-]{subsubsection.4.2.1}{\376\377\000I\000n\000t\000e\000g\000r\000a\000c\000i\000\363\000n\000\040\000s\000o\000b\000r\000e\000\040\000\050\0000\000,\0001\000\051}{subsection.4.2}% 34
\BOOKMARK [3][-]{subsubsection.4.2.2}{\376\377\000I\000n\000t\000e\000g\000r\000a\000c\000i\000\363\000n\000\040\000s\000o\000b\000r\000e\000\040\000[\000a\000,\000b\000]}{subsection.4.2}% 35
\BOOKMARK [3][-]{subsubsection.4.2.3}{\376\377\000I\000n\000t\000e\000g\000r\000a\000c\000i\000\363\000n\000\040\000s\000o\000b\000r\000e\000\040\000\050\0000\000,\000\040\000\051}{subsection.4.2}% 36
\BOOKMARK [3][-]{subsubsection.4.2.4}{\376\377\000I\000n\000t\000e\000g\000r\000a\000c\000i\000\363\000n\000\040\000s\000o\000b\000r\000e\000\040\000-\000\050\000\051\000,\000\040\0000\000\040}{subsection.4.2}% 37
\BOOKMARK [3][-]{subsubsection.4.2.5}{\376\377\000I\000n\000t\000e\000g\000r\000a\000c\000i\000\363\000n\000\040\000s\000o\000b\000r\000e\000\040\000\050\000a\000,\000\040\000\051\000\040\000c\000o\000n\000\040\000t\000r\000a\000n\000s\000f\000o\000r\000m\000a\000c\000i\000\363\000n\000\040\000r\000a\000c\000i\000o\000n\000a\000l}{subsection.4.2}% 38
\BOOKMARK [3][-]{subsubsection.4.2.6}{\376\377\000I\000n\000t\000e\000g\000r\000a\000c\000i\000\363\000n\000\040\000s\000o\000b\000r\000e\000\040\000\050\000-\000,\000\040\000b\000]}{subsection.4.2}% 39
\BOOKMARK [3][-]{subsubsection.4.2.7}{\376\377\000I\000n\000t\000e\000g\000r\000a\000c\000i\000\363\000n\000\040\000s\000o\000b\000r\000e\000\040\000\050\000-\000,\000\040\000\051}{subsection.4.2}% 40
\BOOKMARK [2][-]{subsection.4.3}{\376\377\000E\000s\000t\000i\000m\000a\000c\000i\000\363\000n\000\040\000d\000e\000\040\000i\000n\000t\000e\000g\000r\000a\000l\000e\000s\000\040\000m\000\372\000l\000t\000i\000p\000l\000e\000s}{section.4}% 41
