\BOOKMARK [1][-]{section.1}{\376\377\000G\000e\000n\000e\000r\000a\000c\000i\000\363\000n\000\040\000d\000e\000\040\000V\000a\000r\000i\000a\000b\000l\000e\000s\000\040\000A\000l\000e\000a\000t\000o\000r\000i\000a\000s\000\040\000D\000i\000s\000c\000r\000e\000t\000a\000s}{}% 1
\BOOKMARK [2][-]{subsection.1.1}{\376\377\000M\000\351\000t\000o\000d\000o\000\040\000d\000e\000\040\000l\000a\000\040\000T\000r\000a\000n\000s\000f\000o\000r\000m\000a\000d\000a\000\040\000I\000n\000v\000e\000r\000s\000a}{section.1}% 2
\BOOKMARK [3][-]{subsubsection.1.1.1}{\376\377\000G\000e\000n\000e\000r\000a\000c\000i\000\363\000n\000\040\000d\000e\000\040\000u\000n\000a\000\040\000v\000a\000r\000i\000a\000b\000l\000e\000\040\000a\000l\000e\000a\000t\000o\000r\000i\000a\000\040\000u\000n\000i\000f\000o\000r\000m\000e\000\040\000d\000i\000s\000c\000r\000e\000t\000a}{subsection.1.1}% 3
\BOOKMARK [3][-]{subsubsection.1.1.2}{\376\377\000C\000\341\000l\000c\000u\000l\000o\000\040\000d\000e\000\040\000p\000r\000o\000m\000e\000d\000i\000o\000s}{subsection.1.1}% 4
\BOOKMARK [3][-]{subsubsection.1.1.3}{\376\377\000G\000e\000n\000e\000r\000a\000c\000i\000\363\000n\000\040\000d\000e\000\040\000u\000n\000a\000\040\000v\000a\000r\000i\000a\000b\000l\000e\000\040\000a\000l\000e\000a\000t\000o\000r\000i\000a\000\040\000g\000e\000o\000m\000\351\000t\000r\000i\000c\000a}{subsection.1.1}% 5
\BOOKMARK [3][-]{subsubsection.1.1.4}{\376\377\000G\000e\000n\000e\000r\000a\000c\000i\000\363\000n\000\040\000d\000e\000\040\000v\000a\000r\000a\000i\000b\000l\000e\000s\000\040\000B\000e\000r\000n\000o\000u\000l\000l\000i}{subsection.1.1}% 6
\BOOKMARK [3][-]{subsubsection.1.1.5}{\376\377\000G\000e\000n\000e\000r\000a\000c\000i\000\363\000n\000\040\000d\000e\000\040\000u\000n\000a\000\040\000v\000a\000r\000i\000a\000b\000l\000e\000\040\000a\000l\000e\000a\000t\000o\000r\000i\000a\000\040\000P\000o\000i\000s\000s\000o\000n}{subsection.1.1}% 7
\BOOKMARK [3][-]{subsubsection.1.1.6}{\376\377\000G\000e\000n\000e\000r\000a\000c\000i\000\363\000n\000\040\000d\000e\000\040\000u\000n\000a\000\040\000v\000a\000r\000i\000a\000b\000l\000e\000\040\000a\000l\000e\000a\000t\000o\000r\000i\000a\000\040\000b\000i\000n\000o\000m\000i\000a\000l}{subsection.1.1}% 8
\BOOKMARK [2][-]{subsection.1.2}{\376\377\000M\000\351\000t\000o\000d\000o\000\040\000d\000e\000\040\000A\000c\000e\000p\000t\000a\000c\000i\000\363\000n\000-\000R\000e\000c\000h\000a\000z\000o}{section.1}% 9
\BOOKMARK [2][-]{subsection.1.3}{\376\377\000M\000\351\000t\000o\000d\000o\000\040\000d\000e\000\040\000c\000o\000m\000p\000o\000s\000i\000c\000i\000\363\000n}{section.1}% 10
\BOOKMARK [2][-]{subsection.1.4}{\376\377\000M\000\351\000t\000o\000d\000o\000s\000\040\000a\000l\000t\000e\000r\000n\000a\000t\000i\000v\000o\000s}{section.1}% 11
\BOOKMARK [3][-]{subsubsection.1.4.1}{\376\377\000M\000\351\000t\000o\000d\000o\000\040\000d\000e\000l\000\040\000a\000l\000i\000a\000s}{subsection.1.4}% 12
\BOOKMARK [3][-]{subsubsection.1.4.2}{\376\377\000M\000\351\000t\000o\000d\000o\000\040\000d\000e\000\040\000l\000a\000\040\000u\000r\000n\000a}{subsection.1.4}% 13
\BOOKMARK [1][-]{section.2}{\376\377\000G\000e\000n\000e\000r\000a\000c\000i\000\363\000n\000\040\000d\000e\000\040\000V\000a\000r\000i\000a\000b\000l\000e\000s\000\040\000A\000l\000e\000a\000t\000o\000r\000i\000a\000s\000\040\000C\000o\000n\000t\000i\000n\000u\000a\000s}{}% 14
\BOOKMARK [2][-]{subsection.2.1}{\376\377\000M\000\351\000t\000o\000d\000o\000\040\000d\000e\000\040\000l\000a\000\040\000T\000r\000a\000n\000s\000f\000o\000r\000m\000a\000d\000a\000\040\000I\000n\000v\000e\000r\000s\000a}{section.2}% 15
\BOOKMARK [3][-]{subsubsection.2.1.1}{\376\377\000S\000i\000m\000u\000l\000a\000c\000i\000\363\000n\000\040\000d\000e\000\040\000u\000n\000a\000\040\000v\000a\000r\000i\000a\000b\000l\000e\000\040\000a\000l\000e\000a\000t\000o\000r\000i\000a\000\040\000e\000x\000p\000o\000n\000e\000n\000c\000i\000a\000l}{subsection.2.1}% 16
\BOOKMARK [3][-]{subsubsection.2.1.2}{\376\377\000S\000i\000m\000u\000l\000a\000c\000i\000\363\000n\000\040\000d\000e\000\040\000u\000n\000a\000\040\000v\000a\000r\000i\000a\000b\000l\000e\000\040\000a\000l\000e\000a\000t\000o\000r\000i\000a\000\040\000P\000o\000i\000s\000s\000o\000n\000\040\000X\000\040\000P\000\040\000\050\000\051}{subsection.2.1}% 17
\BOOKMARK [3][-]{subsubsection.2.1.3}{\376\377\000S\000i\000m\000u\000l\000a\000c\000i\000\363\000n\000\040\000d\000e\000\040\000u\000n\000a\000\040\000v\000a\000r\000i\000a\000b\000l\000e\000\040\000c\000o\000n\000\040\000d\000i\000s\000t\000r\000i\000b\000u\000c\000i\000\363\000n\000\040\000G\000a\000m\000m\000a\000\050\000n\000,\000\040\0001\000\051}{subsection.2.1}% 18
\BOOKMARK [2][-]{subsection.2.2}{\376\377\000M\000\351\000t\000o\000d\000o\000\040\000d\000e\000\040\000A\000c\000e\000p\000t\000a\000c\000i\000\363\000n\000-\000R\000e\000c\000h\000a\000z\000o}{section.2}% 19
\BOOKMARK [2][-]{subsection.2.3}{\376\377\000S\000i\000m\000u\000l\000a\000c\000i\000\363\000n\000\040\000d\000e\000\040\000v\000a\000r\000i\000a\000b\000l\000e\000s\000\040\000a\000l\000e\000a\000t\000o\000r\000i\000a\000s\000\040\000n\000o\000r\000m\000a\000l\000e\000s}{section.2}% 20
\BOOKMARK [3][-]{subsubsection.2.3.1}{\376\377\000P\000o\000r\000\040\000c\000o\000m\000p\000o\000s\000i\000c\000i\000\363\000n\000\040\000u\000s\000a\000n\000d\000o\000\040\000|\000Z\000|}{subsection.2.3}% 21
\BOOKMARK [3][-]{subsubsection.2.3.2}{\376\377\000M\000\351\000t\000o\000d\000o\000\040\000p\000o\000l\000a\000r}{subsection.2.3}% 22
\BOOKMARK [3][-]{subsubsection.2.3.3}{\376\377\000M\000\351\000t\000o\000d\000o\000\040\000d\000e\000\040\000r\000a\000z\000\363\000n\000\040\000e\000n\000t\000r\000e\000\040\000u\000n\000i\000f\000o\000r\000m\000e\000s}{subsection.2.3}% 23
\BOOKMARK [2][-]{subsection.2.4}{\376\377\000G\000e\000n\000e\000r\000a\000c\000i\000\363\000n\000\040\000d\000e\000\040\000u\000n\000\040\000P\000r\000o\000c\000e\000s\000o\000\040\000d\000e\000\040\000P\000o\000i\000s\000s\000o\000n}{section.2}% 24
\BOOKMARK [3][-]{subsubsection.2.4.1}{\376\377\000P\000r\000o\000c\000e\000s\000o\000s\000\040\000d\000e\000\040\000P\000o\000i\000s\000s\000o\000n\000\040\000h\000o\000m\000o\000g\000\351\000n\000e\000o\000s}{subsection.2.4}% 25
\BOOKMARK [3][-]{subsubsection.2.4.2}{\376\377\000P\000r\000o\000c\000e\000s\000o\000s\000\040\000d\000e\000\040\000P\000o\000i\000s\000s\000o\000n\000\040\000n\000o\000\040\000h\000o\000m\000o\000g\000\351\000n\000e\000o\000s}{subsection.2.4}% 26
